<?xml version="1.0" encoding="UTF-8"?>
<!-- Generated by org.testng.reporters.JUnitReportReporter -->
<testsuite skipped="1" hostname="chaya" name="com.vtigerv2.testcripts.EditProduct" tests="2" failures="0" timestamp="22 Aug 2020 13:25:52 GMT" time="73.405" errors="1">
  <testcase name="testEditProduct" time="0.000" classname="com.vtigerv2.testcripts.EditProduct">
    <skipped/>
  </testcase> <!-- testEditProduct -->
  <testcase name="openBrowser" time="73.405" classname="com.vtigerv2.testcripts.EditProduct">
    <error type="org.openqa.selenium.WebDriverException" message="unknown error: DevToolsActivePort file doesn&#039;t exist
Build info: version: &#039;3.141.59&#039;, revision: &#039;e82be7d358&#039;, time: &#039;2018-11-14T08:17:03&#039;
System info: host: &#039;CHAYA&#039;, ip: &#039;192.168.49.1&#039;, os.name: &#039;Windows 8.1&#039;, os.arch: &#039;amd64&#039;, os.version: &#039;6.3&#039;, java.version: &#039;1.8.0_92&#039;
Driver info: driver.version: ChromeDriver
remote stacktrace: Backtrace:
	Ordinal0 [0x013F87E3+2852835]
	Ordinal0 [0x012E5BB1+1727409]
	Ordinal0 [0x011BE4B9+517305]
	Ordinal0 [0x01150215+66069]
	Ordinal0 [0x0114D31C+54044]
	Ordinal0 [0x0116D9F7+186871]
	Ordinal0 [0x0116D7FD+186365]
	Ordinal0 [0x0116B70B+177931]
	Ordinal0 [0x01152584+75140]
	Ordinal0 [0x01153650+79440]
	Ordinal0 [0x011535E9+79337]
	Ordinal0 [0x012FAD5C+1813852]
	GetHandleVerifier [0x0151C616+1075574]
	GetHandleVerifier [0x0151C367+1074887]
	GetHandleVerifier [0x01527497+1120247]
	GetHandleVerifier [0x0151CC16+1077110]
	Ordinal0 [0x012F3206+1782278]
	Ordinal0 [0x012FC3BB+1819579]
	Ordinal0 [0x012FC523+1819939]
	Ordinal0 [0x01312B45+1911621]
	BaseThreadInitThunk [0x75A8919F+14]
	RtlInitializeExceptionChain [0x7798AB8F+143]
	RtlInitializeExceptionChain [0x7798AB5A+90]
">
      <![CDATA[org.openqa.selenium.WebDriverException: unknown error: DevToolsActivePort file doesn't exist
Build info: version: '3.141.59', revision: 'e82be7d358', time: '2018-11-14T08:17:03'
System info: host: 'CHAYA', ip: '192.168.49.1', os.name: 'Windows 8.1', os.arch: 'amd64', os.version: '6.3', java.version: '1.8.0_92'
Driver info: driver.version: ChromeDriver
remote stacktrace: Backtrace:
Ordinal0 [0x013F87E3+2852835]
Ordinal0 [0x012E5BB1+1727409]
Ordinal0 [0x011BE4B9+517305]
Ordinal0 [0x01150215+66069]
Ordinal0 [0x0114D31C+54044]
Ordinal0 [0x0116D9F7+186871]
Ordinal0 [0x0116D7FD+186365]
Ordinal0 [0x0116B70B+177931]
Ordinal0 [0x01152584+75140]
Ordinal0 [0x01153650+79440]
Ordinal0 [0x011535E9+79337]
Ordinal0 [0x012FAD5C+1813852]
GetHandleVerifier [0x0151C616+1075574]
GetHandleVerifier [0x0151C367+1074887]
GetHandleVerifier [0x01527497+1120247]
GetHandleVerifier [0x0151CC16+1077110]
Ordinal0 [0x012F3206+1782278]
Ordinal0 [0x012FC3BB+1819579]
Ordinal0 [0x012FC523+1819939]
Ordinal0 [0x01312B45+1911621]
BaseThreadInitThunk [0x75A8919F+14]
RtlInitializeExceptionChain [0x7798AB8F+143]
RtlInitializeExceptionChain [0x7798AB5A+90]

at sun.reflect.NativeConstructorAccessorImpl.newInstance0(Native Method)
at sun.reflect.NativeConstructorAccessorImpl.newInstance(NativeConstructorAccessorImpl.java:62)
at sun.reflect.DelegatingConstructorAccessorImpl.newInstance(DelegatingConstructorAccessorImpl.java:45)
at java.lang.reflect.Constructor.newInstance(Constructor.java:423)
at org.openqa.selenium.remote.W3CHandshakeResponse.lambda$errorHandler$0(W3CHandshakeResponse.java:62)
at org.openqa.selenium.remote.HandshakeResponse.lambda$getResponseFunction$0(HandshakeResponse.java:30)
at org.openqa.selenium.remote.ProtocolHandshake.lambda$createSession$0(ProtocolHandshake.java:126)
at java.util.stream.ReferencePipeline$3$1.accept(ReferencePipeline.java:193)
at java.util.Spliterators$ArraySpliterator.tryAdvance(Spliterators.java:958)
at java.util.stream.ReferencePipeline.forEachWithCancel(ReferencePipeline.java:126)
at java.util.stream.AbstractPipeline.copyIntoWithCancel(AbstractPipeline.java:498)
at java.util.stream.AbstractPipeline.copyInto(AbstractPipeline.java:485)
at java.util.stream.AbstractPipeline.wrapAndCopyInto(AbstractPipeline.java:471)
at java.util.stream.FindOps$FindOp.evaluateSequential(FindOps.java:152)
at java.util.stream.AbstractPipeline.evaluate(AbstractPipeline.java:234)
at java.util.stream.ReferencePipeline.findFirst(ReferencePipeline.java:464)
at org.openqa.selenium.remote.ProtocolHandshake.createSession(ProtocolHandshake.java:128)
at org.openqa.selenium.remote.ProtocolHandshake.createSession(ProtocolHandshake.java:74)
at org.openqa.selenium.remote.HttpCommandExecutor.execute(HttpCommandExecutor.java:136)
at org.openqa.selenium.remote.service.DriverCommandExecutor.execute(DriverCommandExecutor.java:83)
at org.openqa.selenium.remote.RemoteWebDriver.execute(RemoteWebDriver.java:552)
at org.openqa.selenium.remote.RemoteWebDriver.startSession(RemoteWebDriver.java:213)
at org.openqa.selenium.remote.RemoteWebDriver.<init>(RemoteWebDriver.java:131)
at org.openqa.selenium.chrome.ChromeDriver.<init>(ChromeDriver.java:181)
at org.openqa.selenium.chrome.ChromeDriver.<init>(ChromeDriver.java:168)
at org.openqa.selenium.chrome.ChromeDriver.<init>(ChromeDriver.java:123)
at com.vtigerv2.generics.BaseClass.openBrowser(BaseClass.java:37)
at sun.reflect.NativeMethodAccessorImpl.invoke0(Native Method)
at sun.reflect.NativeMethodAccessorImpl.invoke(NativeMethodAccessorImpl.java:62)
at sun.reflect.DelegatingMethodAccessorImpl.invoke(DelegatingMethodAccessorImpl.java:43)
at java.lang.reflect.Method.invoke(Method.java:498)
at org.testng.internal.MethodInvocationHelper.invokeMethod(MethodInvocationHelper.java:124)
at org.testng.internal.MethodInvocationHelper.invokeMethodConsideringTimeout(MethodInvocationHelper.java:59)
at org.testng.internal.Invoker.invokeConfigurationMethod(Invoker.java:458)
at org.testng.internal.Invoker.invokeConfigurations(Invoker.java:222)
at org.testng.internal.Invoker.invokeConfigurations(Invoker.java:142)
at org.testng.TestRunner.beforeRun(TestRunner.java:529)
at org.testng.TestRunner.run(TestRunner.java:497)
at org.testng.SuiteRunner.runTest(SuiteRunner.java:455)
at org.testng.SuiteRunner.runSequentially(SuiteRunner.java:450)
at org.testng.SuiteRunner.privateRun(SuiteRunner.java:415)
at org.testng.SuiteRunner.run(SuiteRunner.java:364)
at org.testng.SuiteRunnerWorker.runSuite(SuiteRunnerWorker.java:52)
at org.testng.SuiteRunnerWorker.run(SuiteRunnerWorker.java:84)
at org.testng.TestNG.runSuitesSequentially(TestNG.java:1208)
at org.testng.TestNG.runSuitesLocally(TestNG.java:1137)
at org.testng.TestNG.runSuites(TestNG.java:1049)
at org.testng.TestNG.run(TestNG.java:1017)
at org.testng.remote.AbstractRemoteTestNG.run(AbstractRemoteTestNG.java:114)
at org.testng.remote.RemoteTestNG.initAndRun(RemoteTestNG.java:251)
at org.testng.remote.RemoteTestNG.main(RemoteTestNG.java:77)
]]>
    </error>
  </testcase> <!-- openBrowser -->
</testsuite> <!-- com.vtigerv2.testcripts.EditProduct -->
