<?xml version="1.0" encoding="UTF-8"?>
<!-- Generated by org.testng.reporters.JUnitReportReporter -->
<testsuite skipped="1" hostname="admin-PC" name="com.vtigerv2.testcripts.moreinfoleads_cancel" tests="2" failures="0" timestamp="29 Aug 2020 18:32:04 GMT" time="0.004" errors="1">
  <testcase name="cancel" time="0.004" classname="com.vtigerv2.testcripts.moreinfoleads_cancel">
    <skipped/>
  </testcase> <!-- cancel -->
  <testcase name="openBrowser" time="0.000" classname="com.vtigerv2.testcripts.moreinfoleads_cancel">
    <error type="org.openqa.selenium.SessionNotCreatedException" message="session not created
from disconnected: received Inspector.detached event
  (Session info: chrome=84.0.4147.135)
Build info: version: &#039;3.141.59&#039;, revision: &#039;e82be7d358&#039;, time: &#039;2018-11-14T08:17:03&#039;
System info: host: &#039;ADMIN-PC&#039;, ip: &#039;192.168.225.1&#039;, os.name: &#039;Windows 7&#039;, os.arch: &#039;amd64&#039;, os.version: &#039;6.1&#039;, java.version: &#039;1.8.0_231&#039;
Driver info: driver.version: ChromeDriver
remote stacktrace: Backtrace:
	Ordinal0 [0x010E87E3+2852835]
	Ordinal0 [0x00FD5BB1+1727409]
	Ordinal0 [0x00EAE4B9+517305]
	Ordinal0 [0x00EA6959+485721]
	Ordinal0 [0x00EA656C+484716]
	Ordinal0 [0x00EA5E98+482968]
	Ordinal0 [0x00EA52D1+479953]
	Ordinal0 [0x00EA5515+480533]
	Ordinal0 [0x00EA4F45+479045]
	Ordinal0 [0x00EAD225+512549]
	Ordinal0 [0x00EA4F02+478978]
	Ordinal0 [0x00EA5B19+482073]
	Ordinal0 [0x00EA52D1+479953]
	Ordinal0 [0x00EA5515+480533]
	Ordinal0 [0x00EA4F45+479045]
	Ordinal0 [0x00EABA6E+506478]
	Ordinal0 [0x00EA4F02+478978]
	Ordinal0 [0x00EA5B19+482073]
	Ordinal0 [0x00EA52D1+479953]
	Ordinal0 [0x00EA5515+480533]
	Ordinal0 [0x00EA4F45+479045]
	Ordinal0 [0x00EA9FC6+499654]
	Ordinal0 [0x00EA4F02+478978]
	Ordinal0 [0x00EA5B19+482073]
	Ordinal0 [0x00EA52D1+479953]
	Ordinal0 [0x00EA5515+480533]
	Ordinal0 [0x00EA4F45+479045]
	Ordinal0 [0x00EA9587+497031]
	Ordinal0 [0x00EA4F02+478978]
	Ordinal0 [0x00EA5B19+482073]
	Ordinal0 [0x00EA52D1+479953]
	Ordinal0 [0x00EA5515+480533]
	Ordinal0 [0x00EA4F45+479045]
	Ordinal0 [0x00EA16BC+464572]
	Ordinal0 [0x00EA4F02+478978]
	Ordinal0 [0x00EA4E57+478807]
	Ordinal0 [0x00EAF300+520960]
	Ordinal0 [0x00E5E489+189577]
	Ordinal0 [0x00E5D7FD+186365]
	Ordinal0 [0x00E5B70B+177931]
	Ordinal0 [0x00E42584+75140]
	Ordinal0 [0x00E43650+79440]
	Ordinal0 [0x00E435E9+79337]
	Ordinal0 [0x00FEAD5C+1813852]
	GetHandleVerifier [0x0120C616+1075574]
	GetHandleVerifier [0x0120C367+1074887]
	GetHandleVerifier [0x01217497+1120247]
	GetHandleVerifier [0x0120CC16+1077110]
	Ordinal0 [0x00FE3206+1782278]
	Ordinal0 [0x00FEC3BB+1819579]
	Ordinal0 [0x00FEC523+1819939]
	Ordinal0 [0x01002B45+1911621]
	BaseThreadInitThunk [0x7675343D+18]
	RtlInitializeExceptionChain [0x77D99812+99]
	RtlInitializeExceptionChain [0x77D997E5+54]
">
      <![CDATA[org.openqa.selenium.SessionNotCreatedException: session not created
from disconnected: received Inspector.detached event
  (Session info: chrome=84.0.4147.135)
Build info: version: '3.141.59', revision: 'e82be7d358', time: '2018-11-14T08:17:03'
System info: host: 'ADMIN-PC', ip: '192.168.225.1', os.name: 'Windows 7', os.arch: 'amd64', os.version: '6.1', java.version: '1.8.0_231'
Driver info: driver.version: ChromeDriver
remote stacktrace: Backtrace:
	Ordinal0 [0x010E87E3+2852835]
	Ordinal0 [0x00FD5BB1+1727409]
	Ordinal0 [0x00EAE4B9+517305]
	Ordinal0 [0x00EA6959+485721]
	Ordinal0 [0x00EA656C+484716]
	Ordinal0 [0x00EA5E98+482968]
	Ordinal0 [0x00EA52D1+479953]
	Ordinal0 [0x00EA5515+480533]
	Ordinal0 [0x00EA4F45+479045]
	Ordinal0 [0x00EAD225+512549]
	Ordinal0 [0x00EA4F02+478978]
	Ordinal0 [0x00EA5B19+482073]
	Ordinal0 [0x00EA52D1+479953]
	Ordinal0 [0x00EA5515+480533]
	Ordinal0 [0x00EA4F45+479045]
	Ordinal0 [0x00EABA6E+506478]
	Ordinal0 [0x00EA4F02+478978]
	Ordinal0 [0x00EA5B19+482073]
	Ordinal0 [0x00EA52D1+479953]
	Ordinal0 [0x00EA5515+480533]
	Ordinal0 [0x00EA4F45+479045]
	Ordinal0 [0x00EA9FC6+499654]
	Ordinal0 [0x00EA4F02+478978]
	Ordinal0 [0x00EA5B19+482073]
	Ordinal0 [0x00EA52D1+479953]
	Ordinal0 [0x00EA5515+480533]
	Ordinal0 [0x00EA4F45+479045]
	Ordinal0 [0x00EA9587+497031]
	Ordinal0 [0x00EA4F02+478978]
	Ordinal0 [0x00EA5B19+482073]
	Ordinal0 [0x00EA52D1+479953]
	Ordinal0 [0x00EA5515+480533]
	Ordinal0 [0x00EA4F45+479045]
	Ordinal0 [0x00EA16BC+464572]
	Ordinal0 [0x00EA4F02+478978]
	Ordinal0 [0x00EA4E57+478807]
	Ordinal0 [0x00EAF300+520960]
	Ordinal0 [0x00E5E489+189577]
	Ordinal0 [0x00E5D7FD+186365]
	Ordinal0 [0x00E5B70B+177931]
	Ordinal0 [0x00E42584+75140]
	Ordinal0 [0x00E43650+79440]
	Ordinal0 [0x00E435E9+79337]
	Ordinal0 [0x00FEAD5C+1813852]
	GetHandleVerifier [0x0120C616+1075574]
	GetHandleVerifier [0x0120C367+1074887]
	GetHandleVerifier [0x01217497+1120247]
	GetHandleVerifier [0x0120CC16+1077110]
	Ordinal0 [0x00FE3206+1782278]
	Ordinal0 [0x00FEC3BB+1819579]
	Ordinal0 [0x00FEC523+1819939]
	Ordinal0 [0x01002B45+1911621]
	BaseThreadInitThunk [0x7675343D+18]
	RtlInitializeExceptionChain [0x77D99812+99]
	RtlInitializeExceptionChain [0x77D997E5+54]

	at sun.reflect.NativeConstructorAccessorImpl.newInstance0(Native Method)
	at sun.reflect.NativeConstructorAccessorImpl.newInstance(NativeConstructorAccessorImpl.java:62)
	at sun.reflect.DelegatingConstructorAccessorImpl.newInstance(DelegatingConstructorAccessorImpl.java:45)
	at java.lang.reflect.Constructor.newInstance(Constructor.java:423)
	at org.openqa.selenium.remote.W3CHandshakeResponse.lambda$errorHandler$0(W3CHandshakeResponse.java:62)
	at org.openqa.selenium.remote.HandshakeResponse.lambda$getResponseFunction$0(HandshakeResponse.java:30)
	at org.openqa.selenium.remote.ProtocolHandshake.lambda$createSession$0(ProtocolHandshake.java:126)
	at java.util.stream.ReferencePipeline$3$1.accept(ReferencePipeline.java:193)
	at java.util.Spliterators$ArraySpliterator.tryAdvance(Spliterators.java:958)
	at java.util.stream.ReferencePipeline.forEachWithCancel(ReferencePipeline.java:126)
	at java.util.stream.AbstractPipeline.copyIntoWithCancel(AbstractPipeline.java:499)
	at java.util.stream.AbstractPipeline.copyInto(AbstractPipeline.java:486)
	at java.util.stream.AbstractPipeline.wrapAndCopyInto(AbstractPipeline.java:472)
	at java.util.stream.FindOps$FindOp.evaluateSequential(FindOps.java:152)
	at java.util.stream.AbstractPipeline.evaluate(AbstractPipeline.java:234)
	at java.util.stream.ReferencePipeline.findFirst(ReferencePipeline.java:464)
	at org.openqa.selenium.remote.ProtocolHandshake.createSession(ProtocolHandshake.java:128)
	at org.openqa.selenium.remote.ProtocolHandshake.createSession(ProtocolHandshake.java:74)
	at org.openqa.selenium.remote.HttpCommandExecutor.execute(HttpCommandExecutor.java:136)
	at org.openqa.selenium.remote.service.DriverCommandExecutor.execute(DriverCommandExecutor.java:83)
	at org.openqa.selenium.remote.RemoteWebDriver.execute(RemoteWebDriver.java:552)
	at org.openqa.selenium.remote.RemoteWebDriver.startSession(RemoteWebDriver.java:213)
	at org.openqa.selenium.remote.RemoteWebDriver.<init>(RemoteWebDriver.java:131)
	at org.openqa.selenium.chrome.ChromeDriver.<init>(ChromeDriver.java:181)
	at org.openqa.selenium.chrome.ChromeDriver.<init>(ChromeDriver.java:168)
	at org.openqa.selenium.chrome.ChromeDriver.<init>(ChromeDriver.java:123)
	at com.vtigerv2.generics.BaseClass.openBrowser(BaseClass.java:37)
	at sun.reflect.NativeMethodAccessorImpl.invoke0(Native Method)
	at sun.reflect.NativeMethodAccessorImpl.invoke(NativeMethodAccessorImpl.java:62)
	at sun.reflect.DelegatingMethodAccessorImpl.invoke(DelegatingMethodAccessorImpl.java:43)
	at java.lang.reflect.Method.invoke(Method.java:498)
	at org.testng.internal.MethodInvocationHelper.invokeMethod(MethodInvocationHelper.java:100)
	at org.testng.internal.Invoker.invokeConfigurationMethod(Invoker.java:515)
	at org.testng.internal.Invoker.invokeConfigurations(Invoker.java:216)
	at org.testng.internal.Invoker.invokeConfigurations(Invoker.java:143)
	at org.testng.TestRunner.beforeRun(TestRunner.java:631)
	at org.testng.TestRunner.run(TestRunner.java:599)
	at org.testng.SuiteRunner.runTest(SuiteRunner.java:368)
	at org.testng.SuiteRunner.runSequentially(SuiteRunner.java:363)
	at org.testng.SuiteRunner.privateRun(SuiteRunner.java:321)
	at org.testng.SuiteRunner.run(SuiteRunner.java:270)
	at org.testng.SuiteRunnerWorker.runSuite(SuiteRunnerWorker.java:52)
	at org.testng.SuiteRunnerWorker.run(SuiteRunnerWorker.java:86)
	at org.testng.TestNG.runSuitesSequentially(TestNG.java:1284)
	at org.testng.TestNG.runSuitesLocally(TestNG.java:1209)
	at org.testng.TestNG.runSuites(TestNG.java:1124)
	at org.testng.TestNG.run(TestNG.java:1096)
	at org.testng.remote.AbstractRemoteTestNG.run(AbstractRemoteTestNG.java:132)
	at org.testng.remote.RemoteTestNG.initAndRun(RemoteTestNG.java:236)
	at org.testng.remote.RemoteTestNG.main(RemoteTestNG.java:81)
]]>
    </error>
  </testcase> <!-- openBrowser -->
</testsuite> <!-- com.vtigerv2.testcripts.moreinfoleads_cancel -->
