<?xml version="1.0" encoding="UTF-8"?>
<!-- Generated by org.testng.reporters.JUnitXMLReporter -->
<testsuite hostname="LAPTOP-2SQG7017" ignored="80" name="Test" tests="26" failures="2" timestamp="26 Aug 2020 18:24:42 GMT" time="546.57" errors="0">
  <testcase name="@BeforeMethod login" time="0.033" classname="com.vtigerv2.generics.BaseClass">
    <failure type="org.openqa.selenium.UnhandledAlertException" message="unexpected alert open: {Alert text : undefined}
  (Session info: chrome=84.0.4147.135): undefined
Build info: version: &amp;apos;3.141.59&amp;apos;, revision: &amp;apos;e82be7d358&amp;apos;, time: &amp;apos;2018-11-14T08:17:03&amp;apos;
System info: host: &amp;apos;LAPTOP-2SQG7017&amp;apos;, ip: &amp;apos;192.168.138.1&amp;apos;, os.name: &amp;apos;Windows 10&amp;apos;, os.arch: &amp;apos;amd64&amp;apos;, os.version: &amp;apos;10.0&amp;apos;, java.version: &amp;apos;1.8.0_241&amp;apos;
Driver info: org.openqa.selenium.chrome.ChromeDriver
Capabilities {acceptInsecureCerts: false, browserName: chrome, browserVersion: 84.0.4147.135, chrome: {chromedriverVersion: 84.0.4147.30 (48b3e868b4cc0..., userDataDir: C:\Users\CS1000TX\AppData\L...}, goog:chromeOptions: {debuggerAddress: localhost:53259}, javascriptEnabled: true, networkConnectionEnabled: false, pageLoadStrategy: normal, platform: WINDOWS, platformName: WINDOWS, proxy: Proxy(), setWindowRect: true, strictFileInteractability: false, timeouts: {implicit: 0, pageLoad: 300000, script: 30000}, unhandledPromptBehavior: dismiss and notify, webauthn:virtualAuthenticators: true}
Session ID: 8a5148509b2e55cd70207ea25851ae69">
      <![CDATA[org.openqa.selenium.UnhandledAlertException: unexpected alert open: {Alert text : undefined}
  (Session info: chrome=84.0.4147.135): undefined
Build info: version: '3.141.59', revision: 'e82be7d358', time: '2018-11-14T08:17:03'
System info: host: 'LAPTOP-2SQG7017', ip: '192.168.138.1', os.name: 'Windows 10', os.arch: 'amd64', os.version: '10.0', java.version: '1.8.0_241'
Driver info: org.openqa.selenium.chrome.ChromeDriver
Capabilities {acceptInsecureCerts: false, browserName: chrome, browserVersion: 84.0.4147.135, chrome: {chromedriverVersion: 84.0.4147.30 (48b3e868b4cc0..., userDataDir: C:\Users\CS1000TX\AppData\L...}, goog:chromeOptions: {debuggerAddress: localhost:53259}, javascriptEnabled: true, networkConnectionEnabled: false, pageLoadStrategy: normal, platform: WINDOWS, platformName: WINDOWS, proxy: Proxy(), setWindowRect: true, strictFileInteractability: false, timeouts: {implicit: 0, pageLoad: 300000, script: 30000}, unhandledPromptBehavior: dismiss and notify, webauthn:virtualAuthenticators: true}
Session ID: 8a5148509b2e55cd70207ea25851ae69
at org.openqa.selenium.remote.http.W3CHttpResponseCodec.decode(W3CHttpResponseCodec.java:120)
at org.openqa.selenium.remote.http.W3CHttpResponseCodec.decode(W3CHttpResponseCodec.java:49)
at org.openqa.selenium.remote.HttpCommandExecutor.execute(HttpCommandExecutor.java:158)
at org.openqa.selenium.remote.service.DriverCommandExecutor.execute(DriverCommandExecutor.java:83)
at org.openqa.selenium.remote.RemoteWebDriver.execute(RemoteWebDriver.java:552)
at org.openqa.selenium.remote.RemoteWebDriver.get(RemoteWebDriver.java:277)
at com.vtigerv2.generics.BaseClass.login(BaseClass.java:60)
... Removed 28 stack frames]]>
    </failure>
  </testcase> <!-- @BeforeMethod login -->
  <testcase name="@AfterMethod logout" time="0.0" classname="com.vtigerv2.generics.BaseClass">
    <skipped/>
  </testcase> <!-- @AfterMethod logout -->
  <testcase name="@BeforeMethod login" time="0.008" classname="com.vtigerv2.generics.BaseClass">
    <failure type="org.openqa.selenium.UnhandledAlertException" message="unexpected alert open: {Alert text : undefined}
  (Session info: chrome=84.0.4147.135): undefined
Build info: version: &amp;apos;3.141.59&amp;apos;, revision: &amp;apos;e82be7d358&amp;apos;, time: &amp;apos;2018-11-14T08:17:03&amp;apos;
System info: host: &amp;apos;LAPTOP-2SQG7017&amp;apos;, ip: &amp;apos;192.168.138.1&amp;apos;, os.name: &amp;apos;Windows 10&amp;apos;, os.arch: &amp;apos;amd64&amp;apos;, os.version: &amp;apos;10.0&amp;apos;, java.version: &amp;apos;1.8.0_241&amp;apos;
Driver info: org.openqa.selenium.chrome.ChromeDriver
Capabilities {acceptInsecureCerts: false, browserName: chrome, browserVersion: 84.0.4147.135, chrome: {chromedriverVersion: 84.0.4147.30 (48b3e868b4cc0..., userDataDir: C:\Users\CS1000TX\AppData\L...}, goog:chromeOptions: {debuggerAddress: localhost:53259}, javascriptEnabled: true, networkConnectionEnabled: false, pageLoadStrategy: normal, platform: WINDOWS, platformName: WINDOWS, proxy: Proxy(), setWindowRect: true, strictFileInteractability: false, timeouts: {implicit: 0, pageLoad: 300000, script: 30000}, unhandledPromptBehavior: dismiss and notify, webauthn:virtualAuthenticators: true}
Session ID: 8a5148509b2e55cd70207ea25851ae69">
      <![CDATA[org.openqa.selenium.UnhandledAlertException: unexpected alert open: {Alert text : undefined}
  (Session info: chrome=84.0.4147.135): undefined
Build info: version: '3.141.59', revision: 'e82be7d358', time: '2018-11-14T08:17:03'
System info: host: 'LAPTOP-2SQG7017', ip: '192.168.138.1', os.name: 'Windows 10', os.arch: 'amd64', os.version: '10.0', java.version: '1.8.0_241'
Driver info: org.openqa.selenium.chrome.ChromeDriver
Capabilities {acceptInsecureCerts: false, browserName: chrome, browserVersion: 84.0.4147.135, chrome: {chromedriverVersion: 84.0.4147.30 (48b3e868b4cc0..., userDataDir: C:\Users\CS1000TX\AppData\L...}, goog:chromeOptions: {debuggerAddress: localhost:53259}, javascriptEnabled: true, networkConnectionEnabled: false, pageLoadStrategy: normal, platform: WINDOWS, platformName: WINDOWS, proxy: Proxy(), setWindowRect: true, strictFileInteractability: false, timeouts: {implicit: 0, pageLoad: 300000, script: 30000}, unhandledPromptBehavior: dismiss and notify, webauthn:virtualAuthenticators: true}
Session ID: 8a5148509b2e55cd70207ea25851ae69
at org.openqa.selenium.remote.http.W3CHttpResponseCodec.decode(W3CHttpResponseCodec.java:120)
at org.openqa.selenium.remote.http.W3CHttpResponseCodec.decode(W3CHttpResponseCodec.java:49)
at org.openqa.selenium.remote.HttpCommandExecutor.execute(HttpCommandExecutor.java:158)
at org.openqa.selenium.remote.service.DriverCommandExecutor.execute(DriverCommandExecutor.java:83)
at org.openqa.selenium.remote.RemoteWebDriver.execute(RemoteWebDriver.java:552)
at org.openqa.selenium.remote.RemoteWebDriver.get(RemoteWebDriver.java:277)
at com.vtigerv2.generics.BaseClass.login(BaseClass.java:60)
... Removed 27 stack frames]]>
    </failure>
  </testcase> <!-- @BeforeMethod login -->
  <testcase name="@AfterMethod logout" time="0.0" classname="com.vtigerv2.generics.BaseClass">
    <skipped/>
  </testcase> <!-- @AfterMethod logout -->
  <testcase name="@BeforeMethod login" time="0.015" classname="com.vtigerv2.generics.BaseClass">
    <failure type="org.openqa.selenium.UnhandledAlertException" message="unexpected alert open: {Alert text : undefined}
  (Session info: chrome=84.0.4147.135): undefined
Build info: version: &amp;apos;3.141.59&amp;apos;, revision: &amp;apos;e82be7d358&amp;apos;, time: &amp;apos;2018-11-14T08:17:03&amp;apos;
System info: host: &amp;apos;LAPTOP-2SQG7017&amp;apos;, ip: &amp;apos;192.168.138.1&amp;apos;, os.name: &amp;apos;Windows 10&amp;apos;, os.arch: &amp;apos;amd64&amp;apos;, os.version: &amp;apos;10.0&amp;apos;, java.version: &amp;apos;1.8.0_241&amp;apos;
Driver info: org.openqa.selenium.chrome.ChromeDriver
Capabilities {acceptInsecureCerts: false, browserName: chrome, browserVersion: 84.0.4147.135, chrome: {chromedriverVersion: 84.0.4147.30 (48b3e868b4cc0..., userDataDir: C:\Users\CS1000TX\AppData\L...}, goog:chromeOptions: {debuggerAddress: localhost:53259}, javascriptEnabled: true, networkConnectionEnabled: false, pageLoadStrategy: normal, platform: WINDOWS, platformName: WINDOWS, proxy: Proxy(), setWindowRect: true, strictFileInteractability: false, timeouts: {implicit: 0, pageLoad: 300000, script: 30000}, unhandledPromptBehavior: dismiss and notify, webauthn:virtualAuthenticators: true}
Session ID: 8a5148509b2e55cd70207ea25851ae69">
      <![CDATA[org.openqa.selenium.UnhandledAlertException: unexpected alert open: {Alert text : undefined}
  (Session info: chrome=84.0.4147.135): undefined
Build info: version: '3.141.59', revision: 'e82be7d358', time: '2018-11-14T08:17:03'
System info: host: 'LAPTOP-2SQG7017', ip: '192.168.138.1', os.name: 'Windows 10', os.arch: 'amd64', os.version: '10.0', java.version: '1.8.0_241'
Driver info: org.openqa.selenium.chrome.ChromeDriver
Capabilities {acceptInsecureCerts: false, browserName: chrome, browserVersion: 84.0.4147.135, chrome: {chromedriverVersion: 84.0.4147.30 (48b3e868b4cc0..., userDataDir: C:\Users\CS1000TX\AppData\L...}, goog:chromeOptions: {debuggerAddress: localhost:53259}, javascriptEnabled: true, networkConnectionEnabled: false, pageLoadStrategy: normal, platform: WINDOWS, platformName: WINDOWS, proxy: Proxy(), setWindowRect: true, strictFileInteractability: false, timeouts: {implicit: 0, pageLoad: 300000, script: 30000}, unhandledPromptBehavior: dismiss and notify, webauthn:virtualAuthenticators: true}
Session ID: 8a5148509b2e55cd70207ea25851ae69
at org.openqa.selenium.remote.http.W3CHttpResponseCodec.decode(W3CHttpResponseCodec.java:120)
at org.openqa.selenium.remote.http.W3CHttpResponseCodec.decode(W3CHttpResponseCodec.java:49)
at org.openqa.selenium.remote.HttpCommandExecutor.execute(HttpCommandExecutor.java:158)
at org.openqa.selenium.remote.service.DriverCommandExecutor.execute(DriverCommandExecutor.java:83)
at org.openqa.selenium.remote.RemoteWebDriver.execute(RemoteWebDriver.java:552)
at org.openqa.selenium.remote.RemoteWebDriver.get(RemoteWebDriver.java:277)
at com.vtigerv2.generics.BaseClass.login(BaseClass.java:60)
... Removed 27 stack frames]]>
    </failure>
  </testcase> <!-- @BeforeMethod login -->
  <testcase name="@AfterMethod logout" time="0.0" classname="com.vtigerv2.generics.BaseClass">
    <skipped/>
  </testcase> <!-- @AfterMethod logout -->
  <testcase name="@AfterTest closeBrowser" time="2.011" classname="com.vtigerv2.generics.BaseClass">
    <failure type="org.openqa.selenium.NoSuchWindowException" message="no such window: target window already closed
from unknown error: web view not found
  (Session info: chrome=84.0.4147.135)
Build info: version: &amp;apos;3.141.59&amp;apos;, revision: &amp;apos;e82be7d358&amp;apos;, time: &amp;apos;2018-11-14T08:17:03&amp;apos;
System info: host: &amp;apos;LAPTOP-2SQG7017&amp;apos;, ip: &amp;apos;192.168.138.1&amp;apos;, os.name: &amp;apos;Windows 10&amp;apos;, os.arch: &amp;apos;amd64&amp;apos;, os.version: &amp;apos;10.0&amp;apos;, java.version: &amp;apos;1.8.0_241&amp;apos;
Driver info: org.openqa.selenium.chrome.ChromeDriver
Capabilities {acceptInsecureCerts: false, browserName: chrome, browserVersion: 84.0.4147.135, chrome: {chromedriverVersion: 84.0.4147.30 (48b3e868b4cc0..., userDataDir: C:\Users\CS1000TX\AppData\L...}, goog:chromeOptions: {debuggerAddress: localhost:53259}, javascriptEnabled: true, networkConnectionEnabled: false, pageLoadStrategy: normal, platform: WINDOWS, platformName: WINDOWS, proxy: Proxy(), setWindowRect: true, strictFileInteractability: false, timeouts: {implicit: 0, pageLoad: 300000, script: 30000}, unhandledPromptBehavior: dismiss and notify, webauthn:virtualAuthenticators: true}
Session ID: 8a5148509b2e55cd70207ea25851ae69">
      <![CDATA[org.openqa.selenium.NoSuchWindowException: no such window: target window already closed
from unknown error: web view not found
  (Session info: chrome=84.0.4147.135)
Build info: version: '3.141.59', revision: 'e82be7d358', time: '2018-11-14T08:17:03'
System info: host: 'LAPTOP-2SQG7017', ip: '192.168.138.1', os.name: 'Windows 10', os.arch: 'amd64', os.version: '10.0', java.version: '1.8.0_241'
Driver info: org.openqa.selenium.chrome.ChromeDriver
Capabilities {acceptInsecureCerts: false, browserName: chrome, browserVersion: 84.0.4147.135, chrome: {chromedriverVersion: 84.0.4147.30 (48b3e868b4cc0..., userDataDir: C:\Users\CS1000TX\AppData\L...}, goog:chromeOptions: {debuggerAddress: localhost:53259}, javascriptEnabled: true, networkConnectionEnabled: false, pageLoadStrategy: normal, platform: WINDOWS, platformName: WINDOWS, proxy: Proxy(), setWindowRect: true, strictFileInteractability: false, timeouts: {implicit: 0, pageLoad: 300000, script: 30000}, unhandledPromptBehavior: dismiss and notify, webauthn:virtualAuthenticators: true}
Session ID: 8a5148509b2e55cd70207ea25851ae69
at org.openqa.selenium.remote.http.W3CHttpResponseCodec.createException(W3CHttpResponseCodec.java:187)
at org.openqa.selenium.remote.http.W3CHttpResponseCodec.decode(W3CHttpResponseCodec.java:122)
at org.openqa.selenium.remote.http.W3CHttpResponseCodec.decode(W3CHttpResponseCodec.java:49)
at org.openqa.selenium.remote.HttpCommandExecutor.execute(HttpCommandExecutor.java:158)
at org.openqa.selenium.remote.service.DriverCommandExecutor.execute(DriverCommandExecutor.java:83)
at org.openqa.selenium.remote.RemoteWebDriver.execute(RemoteWebDriver.java:552)
at org.openqa.selenium.remote.RemoteWebDriver.execute(RemoteWebDriver.java:609)
at org.openqa.selenium.remote.RemoteWebDriver.close(RemoteWebDriver.java:442)
at com.vtigerv2.generics.BaseClass.closeBrowser(BaseClass.java:52)
... Removed 28 stack frames]]>
    </failure>
  </testcase> <!-- @AfterTest closeBrowser -->
  <testcase name="testExportInvoice" time="8.033" classname="com.vtigerv2.testcripts.ExportInvoice"/>
  <testcase name="testCreatePurchaseFilter" time="10.852" classname="com.vtigerv2.testcripts.CreatePurchaseFilter"/>
  <testcase name="testDuplicatePurchaseOrder" time="13.09" classname="com.vtigerv2.testcripts.DuplicatePurchaseOrder"/>
  <testcase name="testMassEditPurchaseOrder" time="11.557" classname="com.vtigerv2.testcripts.MassEditPurchaseOrder"/>
  <testcase name="testCreateSalesUsingServices" time="29.49" classname="com.vtigerv2.testcripts.CreateSalesUsingServices"/>
  <testcase name="testCreateInvoiceAndDelete" time="47.297" classname="com.vtigerv2.testcripts.CreateInvoiceAndDelete"/>
  <testcase name="testCreateSales" time="22.548" classname="com.vtigerv2.testcripts.CreateSales"/>
  <testcase name="testCreateSalesFilter" time="13.583" classname="com.vtigerv2.testcripts.CreateSalesFilter"/>
  <testcase name="testDuplicateSales" time="15.562" classname="com.vtigerv2.testcripts.DuplicateSales"/>
  <testcase name="testMassDelete" time="4.442" classname="com.vtigerv2.testcripts.MassDelete"/>
  <testcase name="testSearchDuplicateAndExport" time="0.0" classname="com.vtigerv2.testcripts.SearchDuplicateAndExport">
    <skipped/>
  </testcase> <!-- testSearchDuplicateAndExport -->
  <testcase name="testDeletePurchaseOrder" time="4.231" classname="com.vtigerv2.testcripts.DeletePurchaseOrder"/>
  <testcase name="testMassEditAndDeleteFilter" time="22.338" classname="com.vtigerv2.testcripts.MassEditAndDeleteFilter">
    <failure type="org.openqa.selenium.NoSuchElementException" message="Cannot locate element with text: quik
For documentation on this error, please visit: https://www.seleniumhq.org/exceptions/no_such_element.html
Build info: version: &amp;apos;3.141.59&amp;apos;, revision: &amp;apos;e82be7d358&amp;apos;, time: &amp;apos;2018-11-14T08:17:03&amp;apos;
System info: host: &amp;apos;LAPTOP-2SQG7017&amp;apos;, ip: &amp;apos;192.168.138.1&amp;apos;, os.name: &amp;apos;Windows 10&amp;apos;, os.arch: &amp;apos;amd64&amp;apos;, os.version: &amp;apos;10.0&amp;apos;, java.version: &amp;apos;1.8.0_241&amp;apos;
Driver info: driver.version: unknown">
      <![CDATA[org.openqa.selenium.NoSuchElementException: Cannot locate element with text: quik
For documentation on this error, please visit: https://www.seleniumhq.org/exceptions/no_such_element.html
Build info: version: '3.141.59', revision: 'e82be7d358', time: '2018-11-14T08:17:03'
System info: host: 'LAPTOP-2SQG7017', ip: '192.168.138.1', os.name: 'Windows 10', os.arch: 'amd64', os.version: '10.0', java.version: '1.8.0_241'
Driver info: driver.version: unknown
at org.openqa.selenium.support.ui.Select.selectByVisibleText(Select.java:147)
at com.vtigerv2.testcripts.MassEditAndDeleteFilter.testMassEditAndDeleteFilter(MassEditAndDeleteFilter.java:48)
... Removed 25 stack frames]]>
    </failure>
  </testcase> <!-- testMassEditAndDeleteFilter -->
  <testcase name="testCreateDuplicate" time="14.52" classname="com.vtigerv2.testcripts.CreateDuplicate"/>
  <testcase name="testSearchPurchaseOrder" time="4.775" classname="com.vtigerv2.testcripts.SearchPurchaseOrder"/>
  <testcase name="testExportSales" time="10.31" classname="com.vtigerv2.testcripts.ExportSales"/>
  <testcase name="testMassDeletePurchaseOrder" time="4.198" classname="com.vtigerv2.testcripts.MassDeletePurchaseOrder"/>
  <testcase name="testEditPurchaseOrder" time="0.0" classname="com.vtigerv2.testcripts.EditPurchaseOrder">
    <skipped/>
  </testcase> <!-- testEditPurchaseOrder -->
  <testcase name="testMassDeleteSales" time="5.366" classname="com.vtigerv2.testcripts.MassDeleteSales"/>
  <testcase name="testMassEdit" time="0.0" classname="com.vtigerv2.testcripts.MassEdit">
    <skipped/>
  </testcase> <!-- testMassEdit -->
  <testcase name="testSearchPurchaseOrderUsingVendorName" time="4.642" classname="com.vtigerv2.testcripts.SearchPurchaseOrderUsingVendorName"/>
  <testcase name="testPreviousSales" time="12.139" classname="com.vtigerv2.testcripts.PreviousSales"/>
  <testcase name="testExportPurchaseOrder" time="24.845" classname="com.vtigerv2.testcripts.ExportPurchaseOrder">
    <failure type="org.openqa.selenium.NoSuchElementException" message="no such element: Unable to locate element: {&amp;quot;method&amp;quot;:&amp;quot;xpath&amp;quot;,&amp;quot;selector&amp;quot;:&amp;quot;//a[.=&amp;apos;Export To PDF&amp;apos;]&amp;quot;}
  (Session info: chrome=84.0.4147.135)
For documentation on this error, please visit: https://www.seleniumhq.org/exceptions/no_such_element.html
Build info: version: &amp;apos;3.141.59&amp;apos;, revision: &amp;apos;e82be7d358&amp;apos;, time: &amp;apos;2018-11-14T08:17:03&amp;apos;
System info: host: &amp;apos;LAPTOP-2SQG7017&amp;apos;, ip: &amp;apos;192.168.138.1&amp;apos;, os.name: &amp;apos;Windows 10&amp;apos;, os.arch: &amp;apos;amd64&amp;apos;, os.version: &amp;apos;10.0&amp;apos;, java.version: &amp;apos;1.8.0_241&amp;apos;
Driver info: org.openqa.selenium.chrome.ChromeDriver
Capabilities {acceptInsecureCerts: false, browserName: chrome, browserVersion: 84.0.4147.135, chrome: {chromedriverVersion: 84.0.4147.30 (48b3e868b4cc0..., userDataDir: C:\Users\CS1000TX\AppData\L...}, goog:chromeOptions: {debuggerAddress: localhost:53259}, javascriptEnabled: true, networkConnectionEnabled: false, pageLoadStrategy: normal, platform: WINDOWS, platformName: WINDOWS, proxy: Proxy(), setWindowRect: true, strictFileInteractability: false, timeouts: {implicit: 0, pageLoad: 300000, script: 30000}, unhandledPromptBehavior: dismiss and notify, webauthn:virtualAuthenticators: true}
Session ID: 8a5148509b2e55cd70207ea25851ae69
*** Element info: {Using=xpath, value=//a[.=&amp;apos;Export To PDF&amp;apos;]}">
      <![CDATA[org.openqa.selenium.NoSuchElementException: no such element: Unable to locate element: {"method":"xpath","selector":"//a[.='Export To PDF']"}
  (Session info: chrome=84.0.4147.135)
For documentation on this error, please visit: https://www.seleniumhq.org/exceptions/no_such_element.html
Build info: version: '3.141.59', revision: 'e82be7d358', time: '2018-11-14T08:17:03'
System info: host: 'LAPTOP-2SQG7017', ip: '192.168.138.1', os.name: 'Windows 10', os.arch: 'amd64', os.version: '10.0', java.version: '1.8.0_241'
Driver info: org.openqa.selenium.chrome.ChromeDriver
Capabilities {acceptInsecureCerts: false, browserName: chrome, browserVersion: 84.0.4147.135, chrome: {chromedriverVersion: 84.0.4147.30 (48b3e868b4cc0..., userDataDir: C:\Users\CS1000TX\AppData\L...}, goog:chromeOptions: {debuggerAddress: localhost:53259}, javascriptEnabled: true, networkConnectionEnabled: false, pageLoadStrategy: normal, platform: WINDOWS, platformName: WINDOWS, proxy: Proxy(), setWindowRect: true, strictFileInteractability: false, timeouts: {implicit: 0, pageLoad: 300000, script: 30000}, unhandledPromptBehavior: dismiss and notify, webauthn:virtualAuthenticators: true}
Session ID: 8a5148509b2e55cd70207ea25851ae69
*** Element info: {Using=xpath, value=//a[.='Export To PDF']}
at org.openqa.selenium.remote.http.W3CHttpResponseCodec.createException(W3CHttpResponseCodec.java:187)
at org.openqa.selenium.remote.http.W3CHttpResponseCodec.decode(W3CHttpResponseCodec.java:122)
at org.openqa.selenium.remote.http.W3CHttpResponseCodec.decode(W3CHttpResponseCodec.java:49)
at org.openqa.selenium.remote.HttpCommandExecutor.execute(HttpCommandExecutor.java:158)
at org.openqa.selenium.remote.service.DriverCommandExecutor.execute(DriverCommandExecutor.java:83)
at org.openqa.selenium.remote.RemoteWebDriver.execute(RemoteWebDriver.java:552)
at org.openqa.selenium.remote.RemoteWebDriver.findElement(RemoteWebDriver.java:323)
at org.openqa.selenium.remote.RemoteWebDriver.findElementByXPath(RemoteWebDriver.java:428)
at org.openqa.selenium.By$ByXPath.findElement(By.java:353)
at org.openqa.selenium.remote.RemoteWebDriver.findElement(RemoteWebDriver.java:315)
at org.openqa.selenium.support.pagefactory.DefaultElementLocator.findElement(DefaultElementLocator.java:69)
at org.openqa.selenium.support.pagefactory.internal.LocatingElementHandler.invoke(LocatingElementHandler.java:38)
at com.sun.proxy.$Proxy12.click(Unknown Source)
at com.vtigerv2.testcripts.ExportPurchaseOrder.testExportPurchaseOrder(ExportPurchaseOrder.java:29)
... Removed 29 stack frames]]>
    </failure>
  </testcase> <!-- testExportPurchaseOrder -->
  <testcase name="testEditInvoice" time="14.052" classname="com.vtigerv2.testcripts.EditInvoice"/>
  <testcase name="testNextSales" time="11.191" classname="com.vtigerv2.testcripts.NextSales"/>
  <testcase name="testSearchInvoiceUsingSubject" time="5.209" classname="com.vtigerv2.testcripts.SearchInvoiceUsingSubject"/>
  <testcase name="@AfterTest closeBrowser" time="0.0" classname="com.vtigerv2.generics.BaseClass">
    <ignored/>
  </testcase> <!-- @AfterTest closeBrowser -->
  <testcase name="@AfterTest closeBrowser" time="0.0" classname="com.vtigerv2.generics.BaseClass">
    <ignored/>
  </testcase> <!-- @AfterTest closeBrowser -->
  <testcase name="@AfterTest closeBrowser" time="0.0" classname="com.vtigerv2.generics.BaseClass">
    <ignored/>
  </testcase> <!-- @AfterTest closeBrowser -->
  <testcase name="@AfterTest closeBrowser" time="0.0" classname="com.vtigerv2.generics.BaseClass">
    <ignored/>
  </testcase> <!-- @AfterTest closeBrowser -->
  <testcase name="@AfterTest closeBrowser" time="0.0" classname="com.vtigerv2.generics.BaseClass">
    <ignored/>
  </testcase> <!-- @AfterTest closeBrowser -->
  <testcase name="@AfterTest closeBrowser" time="0.0" classname="com.vtigerv2.generics.BaseClass">
    <ignored/>
  </testcase> <!-- @AfterTest closeBrowser -->
  <testcase name="@AfterTest closeBrowser" time="0.0" classname="com.vtigerv2.generics.BaseClass">
    <ignored/>
  </testcase> <!-- @AfterTest closeBrowser -->
  <testcase name="@AfterTest closeBrowser" time="0.0" classname="com.vtigerv2.generics.BaseClass">
    <ignored/>
  </testcase> <!-- @AfterTest closeBrowser -->
  <testcase name="@AfterTest closeBrowser" time="0.0" classname="com.vtigerv2.generics.BaseClass">
    <ignored/>
  </testcase> <!-- @AfterTest closeBrowser -->
  <testcase name="@AfterTest closeBrowser" time="0.0" classname="com.vtigerv2.generics.BaseClass">
    <ignored/>
  </testcase> <!-- @AfterTest closeBrowser -->
  <testcase name="@AfterTest closeBrowser" time="0.0" classname="com.vtigerv2.generics.BaseClass">
    <ignored/>
  </testcase> <!-- @AfterTest closeBrowser -->
  <testcase name="@AfterTest closeBrowser" time="0.0" classname="com.vtigerv2.generics.BaseClass">
    <ignored/>
  </testcase> <!-- @AfterTest closeBrowser -->
  <testcase name="@AfterTest closeBrowser" time="0.0" classname="com.vtigerv2.generics.BaseClass">
    <ignored/>
  </testcase> <!-- @AfterTest closeBrowser -->
  <testcase name="@AfterTest closeBrowser" time="0.0" classname="com.vtigerv2.generics.BaseClass">
    <ignored/>
  </testcase> <!-- @AfterTest closeBrowser -->
  <testcase name="@AfterTest closeBrowser" time="0.0" classname="com.vtigerv2.generics.BaseClass">
    <ignored/>
  </testcase> <!-- @AfterTest closeBrowser -->
  <testcase name="@AfterTest closeBrowser" time="0.0" classname="com.vtigerv2.generics.BaseClass">
    <ignored/>
  </testcase> <!-- @AfterTest closeBrowser -->
  <testcase name="@AfterTest closeBrowser" time="0.0" classname="com.vtigerv2.generics.BaseClass">
    <ignored/>
  </testcase> <!-- @AfterTest closeBrowser -->
  <testcase name="@AfterTest closeBrowser" time="0.0" classname="com.vtigerv2.generics.BaseClass">
    <ignored/>
  </testcase> <!-- @AfterTest closeBrowser -->
  <testcase name="@AfterTest closeBrowser" time="0.0" classname="com.vtigerv2.generics.BaseClass">
    <ignored/>
  </testcase> <!-- @AfterTest closeBrowser -->
  <testcase name="@AfterTest closeBrowser" time="0.0" classname="com.vtigerv2.generics.BaseClass">
    <ignored/>
  </testcase> <!-- @AfterTest closeBrowser -->
  <testcase name="@AfterTest closeBrowser" time="0.0" classname="com.vtigerv2.generics.BaseClass">
    <ignored/>
  </testcase> <!-- @AfterTest closeBrowser -->
  <testcase name="@AfterTest closeBrowser" time="0.0" classname="com.vtigerv2.generics.BaseClass">
    <ignored/>
  </testcase> <!-- @AfterTest closeBrowser -->
  <testcase name="@AfterTest closeBrowser" time="0.0" classname="com.vtigerv2.generics.BaseClass">
    <ignored/>
  </testcase> <!-- @AfterTest closeBrowser -->
  <testcase name="@AfterTest closeBrowser" time="0.0" classname="com.vtigerv2.generics.BaseClass">
    <ignored/>
  </testcase> <!-- @AfterTest closeBrowser -->
  <testcase name="@AfterTest closeBrowser" time="0.0" classname="com.vtigerv2.generics.BaseClass">
    <ignored/>
  </testcase> <!-- @AfterTest closeBrowser -->
  <testcase name="@AfterTest closeBrowser" time="0.0" classname="com.vtigerv2.generics.BaseClass">
    <ignored/>
  </testcase> <!-- @AfterTest closeBrowser -->
  <testcase name="@AfterTest closeBrowser" time="0.0" classname="com.vtigerv2.generics.BaseClass">
    <ignored/>
  </testcase> <!-- @AfterTest closeBrowser -->
  <testcase name="@AfterTest closeBrowser" time="0.0" classname="com.vtigerv2.generics.BaseClass">
    <ignored/>
  </testcase> <!-- @AfterTest closeBrowser -->
  <testcase name="@AfterTest closeBrowser" time="0.0" classname="com.vtigerv2.generics.BaseClass">
    <ignored/>
  </testcase> <!-- @AfterTest closeBrowser -->
  <testcase name="@AfterTest closeBrowser" time="0.0" classname="com.vtigerv2.generics.BaseClass">
    <ignored/>
  </testcase> <!-- @AfterTest closeBrowser -->
  <testcase name="@AfterTest closeBrowser" time="0.0" classname="com.vtigerv2.generics.BaseClass">
    <ignored/>
  </testcase> <!-- @AfterTest closeBrowser -->
  <testcase name="@AfterTest closeBrowser" time="0.0" classname="com.vtigerv2.generics.BaseClass">
    <ignored/>
  </testcase> <!-- @AfterTest closeBrowser -->
  <testcase name="@AfterTest closeBrowser" time="0.0" classname="com.vtigerv2.generics.BaseClass">
    <ignored/>
  </testcase> <!-- @AfterTest closeBrowser -->
  <testcase name="@AfterTest closeBrowser" time="0.0" classname="com.vtigerv2.generics.BaseClass">
    <ignored/>
  </testcase> <!-- @AfterTest closeBrowser -->
  <testcase name="@AfterTest closeBrowser" time="0.0" classname="com.vtigerv2.generics.BaseClass">
    <ignored/>
  </testcase> <!-- @AfterTest closeBrowser -->
  <testcase name="@AfterTest closeBrowser" time="0.0" classname="com.vtigerv2.generics.BaseClass">
    <ignored/>
  </testcase> <!-- @AfterTest closeBrowser -->
  <testcase name="@AfterTest closeBrowser" time="0.0" classname="com.vtigerv2.generics.BaseClass">
    <ignored/>
  </testcase> <!-- @AfterTest closeBrowser -->
  <testcase name="@AfterTest closeBrowser" time="0.0" classname="com.vtigerv2.generics.BaseClass">
    <ignored/>
  </testcase> <!-- @AfterTest closeBrowser -->
  <testcase name="@AfterTest closeBrowser" time="0.0" classname="com.vtigerv2.generics.BaseClass">
    <ignored/>
  </testcase> <!-- @AfterTest closeBrowser -->
  <testcase name="@AfterTest closeBrowser" time="0.0" classname="com.vtigerv2.generics.BaseClass">
    <ignored/>
  </testcase> <!-- @AfterTest closeBrowser -->
  <testcase name="@BeforeTest openBrowser" time="0.0" classname="com.vtigerv2.generics.BaseClass">
    <ignored/>
  </testcase> <!-- @BeforeTest openBrowser -->
  <testcase name="@BeforeTest openBrowser" time="0.0" classname="com.vtigerv2.generics.BaseClass">
    <ignored/>
  </testcase> <!-- @BeforeTest openBrowser -->
  <testcase name="@BeforeTest openBrowser" time="0.0" classname="com.vtigerv2.generics.BaseClass">
    <ignored/>
  </testcase> <!-- @BeforeTest openBrowser -->
  <testcase name="@BeforeTest openBrowser" time="0.0" classname="com.vtigerv2.generics.BaseClass">
    <ignored/>
  </testcase> <!-- @BeforeTest openBrowser -->
  <testcase name="@BeforeTest openBrowser" time="0.0" classname="com.vtigerv2.generics.BaseClass">
    <ignored/>
  </testcase> <!-- @BeforeTest openBrowser -->
  <testcase name="@BeforeTest openBrowser" time="0.0" classname="com.vtigerv2.generics.BaseClass">
    <ignored/>
  </testcase> <!-- @BeforeTest openBrowser -->
  <testcase name="@BeforeTest openBrowser" time="0.0" classname="com.vtigerv2.generics.BaseClass">
    <ignored/>
  </testcase> <!-- @BeforeTest openBrowser -->
  <testcase name="@BeforeTest openBrowser" time="0.0" classname="com.vtigerv2.generics.BaseClass">
    <ignored/>
  </testcase> <!-- @BeforeTest openBrowser -->
  <testcase name="@BeforeTest openBrowser" time="0.0" classname="com.vtigerv2.generics.BaseClass">
    <ignored/>
  </testcase> <!-- @BeforeTest openBrowser -->
  <testcase name="@BeforeTest openBrowser" time="0.0" classname="com.vtigerv2.generics.BaseClass">
    <ignored/>
  </testcase> <!-- @BeforeTest openBrowser -->
  <testcase name="@BeforeTest openBrowser" time="0.0" classname="com.vtigerv2.generics.BaseClass">
    <ignored/>
  </testcase> <!-- @BeforeTest openBrowser -->
  <testcase name="@BeforeTest openBrowser" time="0.0" classname="com.vtigerv2.generics.BaseClass">
    <ignored/>
  </testcase> <!-- @BeforeTest openBrowser -->
  <testcase name="@BeforeTest openBrowser" time="0.0" classname="com.vtigerv2.generics.BaseClass">
    <ignored/>
  </testcase> <!-- @BeforeTest openBrowser -->
  <testcase name="@BeforeTest openBrowser" time="0.0" classname="com.vtigerv2.generics.BaseClass">
    <ignored/>
  </testcase> <!-- @BeforeTest openBrowser -->
  <testcase name="@BeforeTest openBrowser" time="0.0" classname="com.vtigerv2.generics.BaseClass">
    <ignored/>
  </testcase> <!-- @BeforeTest openBrowser -->
  <testcase name="@BeforeTest openBrowser" time="0.0" classname="com.vtigerv2.generics.BaseClass">
    <ignored/>
  </testcase> <!-- @BeforeTest openBrowser -->
  <testcase name="@BeforeTest openBrowser" time="0.0" classname="com.vtigerv2.generics.BaseClass">
    <ignored/>
  </testcase> <!-- @BeforeTest openBrowser -->
  <testcase name="@BeforeTest openBrowser" time="0.0" classname="com.vtigerv2.generics.BaseClass">
    <ignored/>
  </testcase> <!-- @BeforeTest openBrowser -->
  <testcase name="@BeforeTest openBrowser" time="0.0" classname="com.vtigerv2.generics.BaseClass">
    <ignored/>
  </testcase> <!-- @BeforeTest openBrowser -->
  <testcase name="@BeforeTest openBrowser" time="0.0" classname="com.vtigerv2.generics.BaseClass">
    <ignored/>
  </testcase> <!-- @BeforeTest openBrowser -->
  <testcase name="@BeforeTest openBrowser" time="0.0" classname="com.vtigerv2.generics.BaseClass">
    <ignored/>
  </testcase> <!-- @BeforeTest openBrowser -->
  <testcase name="@BeforeTest openBrowser" time="0.0" classname="com.vtigerv2.generics.BaseClass">
    <ignored/>
  </testcase> <!-- @BeforeTest openBrowser -->
  <testcase name="@BeforeTest openBrowser" time="0.0" classname="com.vtigerv2.generics.BaseClass">
    <ignored/>
  </testcase> <!-- @BeforeTest openBrowser -->
  <testcase name="@BeforeTest openBrowser" time="0.0" classname="com.vtigerv2.generics.BaseClass">
    <ignored/>
  </testcase> <!-- @BeforeTest openBrowser -->
  <testcase name="@BeforeTest openBrowser" time="0.0" classname="com.vtigerv2.generics.BaseClass">
    <ignored/>
  </testcase> <!-- @BeforeTest openBrowser -->
  <testcase name="@BeforeTest openBrowser" time="0.0" classname="com.vtigerv2.generics.BaseClass">
    <ignored/>
  </testcase> <!-- @BeforeTest openBrowser -->
  <testcase name="@BeforeTest openBrowser" time="0.0" classname="com.vtigerv2.generics.BaseClass">
    <ignored/>
  </testcase> <!-- @BeforeTest openBrowser -->
  <testcase name="@BeforeTest openBrowser" time="0.0" classname="com.vtigerv2.generics.BaseClass">
    <ignored/>
  </testcase> <!-- @BeforeTest openBrowser -->
  <testcase name="@BeforeTest openBrowser" time="0.0" classname="com.vtigerv2.generics.BaseClass">
    <ignored/>
  </testcase> <!-- @BeforeTest openBrowser -->
  <testcase name="@BeforeTest openBrowser" time="0.0" classname="com.vtigerv2.generics.BaseClass">
    <ignored/>
  </testcase> <!-- @BeforeTest openBrowser -->
  <testcase name="@BeforeTest openBrowser" time="0.0" classname="com.vtigerv2.generics.BaseClass">
    <ignored/>
  </testcase> <!-- @BeforeTest openBrowser -->
  <testcase name="@BeforeTest openBrowser" time="0.0" classname="com.vtigerv2.generics.BaseClass">
    <ignored/>
  </testcase> <!-- @BeforeTest openBrowser -->
  <testcase name="@BeforeTest openBrowser" time="0.0" classname="com.vtigerv2.generics.BaseClass">
    <ignored/>
  </testcase> <!-- @BeforeTest openBrowser -->
  <testcase name="@BeforeTest openBrowser" time="0.0" classname="com.vtigerv2.generics.BaseClass">
    <ignored/>
  </testcase> <!-- @BeforeTest openBrowser -->
  <testcase name="@BeforeTest openBrowser" time="0.0" classname="com.vtigerv2.generics.BaseClass">
    <ignored/>
  </testcase> <!-- @BeforeTest openBrowser -->
  <testcase name="@BeforeTest openBrowser" time="0.0" classname="com.vtigerv2.generics.BaseClass">
    <ignored/>
  </testcase> <!-- @BeforeTest openBrowser -->
  <testcase name="@BeforeTest openBrowser" time="0.0" classname="com.vtigerv2.generics.BaseClass">
    <ignored/>
  </testcase> <!-- @BeforeTest openBrowser -->
  <testcase name="@BeforeTest openBrowser" time="0.0" classname="com.vtigerv2.generics.BaseClass">
    <ignored/>
  </testcase> <!-- @BeforeTest openBrowser -->
  <testcase name="@BeforeTest openBrowser" time="0.0" classname="com.vtigerv2.generics.BaseClass">
    <ignored/>
  </testcase> <!-- @BeforeTest openBrowser -->
  <testcase name="@BeforeTest openBrowser" time="0.0" classname="com.vtigerv2.generics.BaseClass">
    <ignored/>
  </testcase> <!-- @BeforeTest openBrowser -->
</testsuite> <!-- Test -->
